[2019-03-05 20:15:48] 2019-03-05 20:15:48.471000
[2019-03-05 20:15:49] Continuing Start Up Script
[2019-03-05 20:15:49] [Path Check] Started
[2019-03-05 20:15:49] [Path Check] Good!
[2019-03-05 20:15:49] [Auto Install Repo] Started
[2019-03-05 20:15:50] Invalid URL for Repo Zip
[2019-03-05 20:15:50] [Auto Update Wizard] Started
[2019-03-05 20:15:52] [Auto Update Wizard] No New Version vFalse
[2019-03-05 20:15:52] [Notifications] Started
[2019-03-05 20:15:52] [Notifications] Not Enabled
[2019-03-05 20:15:52] [Installed Check] Started
[2019-03-05 20:15:52] [Installed Check] Not Enabled
[2019-03-05 20:15:52] [Build Check] Started
[2019-03-05 20:15:52] [Build Check] First Run
[2019-03-05 20:16:13] [Check Updates] [User Selected: Open Build Menu] [Next Check: 2019-03-05]
[2019-03-05 20:16:14] [Trakt Data] Started
[2019-03-05 20:16:14] [Trakt Data] Not Enabled
[2019-03-05 20:16:14] [Real Debrid Data] Started
[2019-03-05 20:16:14] [Real Debrid Data] Not Enabled
[2019-03-05 20:16:14] [Login Data] Started
[2019-03-05 20:16:14] [Login Data] Not Enabled
[2019-03-05 20:16:14] [Auto Clean Up] Started
[2019-03-05 20:16:14] [Auto Clean Up] Cache: On
[2019-03-05 20:16:14] [Success] cleared 1 files from C:\Users\lockdown\Desktop\Kodi\portable_data\cache\scrapers
[2019-03-05 20:16:14] [Success] cleared 1 files from C:\Users\lockdown\Desktop\Kodi\portable_data\cache\temp
[2019-03-05 20:16:14] [Auto Clean Up] Old Thumbs: On
[2019-03-05 20:16:14] 0 total thumbs cleaned up.
[2019-03-05 20:16:14] [Auto Clean Up] Packages: On
[2019-03-05 20:16:16] [ Version : '1.1.1' ] [ Mode : 'builds' ] [ Name : 'None' ] [ Url : 'None' ]
[2019-03-05 20:16:57] [ Version : '1.1.1' ] [ Mode : 'None' ] [ Name : 'None' ] [ Url : 'None' ]
[2019-03-05 20:17:38] [ Version : '1.1.1' ] [ Mode : 'None' ] [ Name : 'None' ] [ Url : 'None' ]
[2019-03-05 20:21:28] [ Version : '1.1.1' ] [ Mode : 'None' ] [ Name : 'None' ] [ Url : 'None' ]
[2019-03-05 20:21:33] [ Version : '1.1.1' ] [ Mode : 'maint' ] [ Name : 'None' ] [ Url : 'None' ]
[2019-03-05 20:22:10] [ Version : '1.1.1' ] [ Mode : 'maint' ] [ Name : 'None' ] [ Url : 'None' ]
[2019-03-05 20:24:01] [ Version : '1.1.1' ] [ Mode : 'maint' ] [ Name : 'None' ] [ Url : 'None' ]
[2019-03-05 20:24:01] [ Version : '1.1.1' ] [ Mode : 'maint' ] [ Name : 'None' ] [ Url : 'None' ]
[2019-03-05 20:25:36] [ Version : '1.1.1' ] [ Mode : 'maint' ] [ Name : 'None' ] [ Url : 'None' ]
[2019-03-05 20:26:26] [ Version : '1.1.1' ] [ Mode : 'maint' ] [ Name : 'None' ] [ Url : 'None' ]
[2019-03-05 20:26:26] [ Version : '1.1.1' ] [ Mode : 'maint' ] [ Name : 'None' ] [ Url : 'None' ]
[2019-03-05 20:27:44] 2019-03-05 20:27:44.888000
[2019-03-05 20:27:45] Continuing Start Up Script
[2019-03-05 20:27:45] [Path Check] Started
[2019-03-05 20:27:45] [Path Check] Good!
[2019-03-05 20:27:45] [Auto Install Repo] Started
[2019-03-05 20:27:46] [ Version : '1.1.1' ] [ Mode : 'maint' ] [ Name : 'None' ] [ Url : 'None' ]
[2019-03-05 20:27:48] [ Version : '1.1.1' ] [ Mode : 'maint' ] [ Name : 'None' ] [ Url : 'None' ]
[2019-03-05 20:27:48] [ Version : '1.1.1' ] [ Mode : 'maint' ] [ Name : 'None' ] [ Url : 'None' ]
[2019-03-05 20:27:48] Invalid URL for Repo Zip
[2019-03-05 20:27:48] [Auto Update Wizard] Started
[2019-03-05 20:27:50] [Auto Update Wizard] No New Version vFalse
[2019-03-05 20:27:50] [Notifications] Started
[2019-03-05 20:27:50] [Notifications] Not Enabled
[2019-03-05 20:27:50] [Installed Check] Started
[2019-03-05 20:27:50] [Installed Check] Not Enabled
[2019-03-05 20:27:50] [Build Check] Started
[2019-03-05 20:27:50] [Trakt Data] Started
[2019-03-05 20:27:50] [Trakt Data] Not Enabled
[2019-03-05 20:27:50] [Real Debrid Data] Started
[2019-03-05 20:27:50] [Real Debrid Data] Not Enabled
[2019-03-05 20:27:50] [Login Data] Started
[2019-03-05 20:27:50] [Login Data] Not Enabled
[2019-03-05 20:27:50] [Auto Clean Up] Started
[2019-03-05 20:27:50] [Auto Clean Up] Cache: On
[2019-03-05 20:27:50] [Success] cleared 1 files from C:\Users\lockdown\Desktop\Kodi\portable_data\cache\temp
[2019-03-05 20:27:50] [Auto Clean Up] Old Thumbs: On
[2019-03-05 20:27:51] 0 total thumbs cleaned up.
[2019-03-05 20:27:51] [Auto Clean Up] Packages: On
[2019-03-05 20:28:44] [ Version : '1.1.1' ] [ Mode : 'maint' ] [ Name : 'None' ] [ Url : 'None' ]
[2019-03-05 20:29:14] 2019-03-05 20:29:14.997000
[2019-03-05 20:29:15] [ Version : '1.1.1' ] [ Mode : 'maint' ] [ Name : 'None' ] [ Url : 'None' ]
[2019-03-05 20:29:16] Continuing Start Up Script
[2019-03-05 20:29:16] [Path Check] Started
[2019-03-05 20:29:16] [Path Check] Good!
[2019-03-05 20:29:16] [Auto Install Repo] Started
[2019-03-05 20:29:16] Invalid URL for Repo Zip
[2019-03-05 20:29:16] [Auto Update Wizard] Started
[2019-03-05 20:29:18] [Auto Update Wizard] No New Version vFalse
[2019-03-05 20:29:18] [Notifications] Started
[2019-03-05 20:29:18] [Notifications] Not Enabled
[2019-03-05 20:29:18] [Installed Check] Started
[2019-03-05 20:29:18] [Installed Check] Not Enabled
[2019-03-05 20:29:18] [Build Check] Started
[2019-03-05 20:29:18] [Trakt Data] Started
[2019-03-05 20:29:18] [Trakt Data] Not Enabled
[2019-03-05 20:29:18] [Real Debrid Data] Started
[2019-03-05 20:29:18] [Real Debrid Data] Not Enabled
[2019-03-05 20:29:18] [Login Data] Started
[2019-03-05 20:29:18] [Login Data] Not Enabled
[2019-03-05 20:29:18] [Auto Clean Up] Started
[2019-03-05 20:29:18] [Auto Clean Up] Cache: On
[2019-03-05 20:29:19] [Success] cleared 1 files from C:\Users\lockdown\Desktop\Kodi\portable_data\cache\scrapers
[2019-03-05 20:29:19] [Success] cleared 1 files from C:\Users\lockdown\Desktop\Kodi\portable_data\cache\temp
[2019-03-05 20:29:19] [Auto Clean Up] Old Thumbs: On
[2019-03-05 20:29:19] 0 total thumbs cleaned up.
[2019-03-05 20:29:19] [Auto Clean Up] Packages: On
[2019-03-05 20:32:35] [ Version : '1.1.1' ] [ Mode : 'maint' ] [ Name : 'None' ] [ Url : 'None' ]
[2019-03-05 20:32:37] [ Version : '1.1.1' ] [ Mode : 'maint' ] [ Name : 'None' ] [ Url : 'None' ]
[2019-03-05 20:32:40] [ Version : '1.1.1' ] [ Mode : 'None' ] [ Name : 'None' ] [ Url : 'None' ]
[2019-03-05 20:32:46] [ Version : '1.1.1' ] [ Mode : 'maint' ] [ Name : 'None' ] [ Url : 'None' ]
[2019-03-05 20:32:51] [ Version : '1.1.1' ] [ Mode : 'maint' ] [ Name : 'tweaks' ] [ Url : 'None' ]
[2019-03-05 20:32:58] [ Version : '1.1.1' ] [ Mode : 'autoadvanced' ] [ Name : 'None' ] [ Url : 'None' ]
[2019-03-05 20:33:14] [ Version : '1.1.1' ] [ Mode : 'maint' ] [ Name : 'tweaks' ] [ Url : 'None' ]
[2019-03-05 20:33:27] [ Version : '1.1.1' ] [ Mode : 'maint' ] [ Name : 'None' ] [ Url : 'None' ]
[2019-03-05 20:33:27] [ Version : '1.1.1' ] [ Mode : 'maint' ] [ Name : 'None' ] [ Url : 'None' ]
[2019-03-05 20:42:36] 2019-03-05 20:42:36.173000
[2019-03-05 20:42:37] Continuing Start Up Script
[2019-03-05 20:42:37] [Path Check] Started
[2019-03-05 20:42:37] [Path Check] Good!
[2019-03-05 20:42:37] [Auto Install Repo] Started
[2019-03-05 20:42:38] [ Version : '1.1.1' ] [ Mode : 'maint' ] [ Name : 'None' ] [ Url : 'None' ]
[2019-03-05 20:42:38] Invalid URL for Repo Zip
[2019-03-05 20:42:38] [Auto Update Wizard] Started
[2019-03-05 20:42:40] [Auto Update Wizard] No New Version vFalse
[2019-03-05 20:42:40] [Notifications] Started
[2019-03-05 20:42:40] [Notifications] Not Enabled
[2019-03-05 20:42:40] [Installed Check] Started
[2019-03-05 20:42:40] [Installed Check] Not Enabled
[2019-03-05 20:42:40] [Build Check] Started
[2019-03-05 20:42:40] [Trakt Data] Started
[2019-03-05 20:42:40] [Trakt Data] Not Enabled
[2019-03-05 20:42:40] [Real Debrid Data] Started
[2019-03-05 20:42:40] [Real Debrid Data] Not Enabled
[2019-03-05 20:42:40] [Login Data] Started
[2019-03-05 20:42:40] [Login Data] Not Enabled
[2019-03-05 20:42:40] [Auto Clean Up] Started
[2019-03-05 20:42:40] [Auto Clean Up] Cache: On
[2019-03-05 20:42:40] [Success] cleared 1 files from C:\Users\lockdown\Desktop\Kodi\portable_data\cache\temp
[2019-03-05 20:42:40] [Auto Clean Up] Old Thumbs: On
[2019-03-05 20:42:41] 0 total thumbs cleaned up.
[2019-03-05 20:42:41] [Auto Clean Up] Packages: On
[2019-03-05 22:23:46] 2019-03-05 22:23:46.525000
[2019-03-05 22:23:47] [ Version : '1.1.1' ] [ Mode : 'maint' ] [ Name : 'None' ] [ Url : 'None' ]
[2019-03-05 22:23:47] Continuing Start Up Script
[2019-03-05 22:23:47] [Path Check] Started
[2019-03-05 22:23:47] [Path Check] Good!
[2019-03-05 22:23:47] [Auto Install Repo] Started
[2019-03-05 22:23:48] Invalid URL for Repo Zip
[2019-03-05 22:23:48] [Auto Update Wizard] Started
[2019-03-05 22:23:50] [Auto Update Wizard] No New Version vFalse
[2019-03-05 22:23:50] [Notifications] Started
[2019-03-05 22:23:50] [Notifications] Not Enabled
[2019-03-05 22:23:50] [Installed Check] Started
[2019-03-05 22:23:50] [Installed Check] Not Enabled
[2019-03-05 22:23:50] [Build Check] Started
[2019-03-05 22:23:50] [Trakt Data] Started
[2019-03-05 22:23:50] [Trakt Data] Not Enabled
[2019-03-05 22:23:50] [Real Debrid Data] Started
[2019-03-05 22:23:50] [Real Debrid Data] Not Enabled
[2019-03-05 22:23:50] [Login Data] Started
[2019-03-05 22:23:50] [Login Data] Not Enabled
[2019-03-05 22:23:50] [Auto Clean Up] Started
[2019-03-05 22:23:50] [Auto Clean Up] Cache: On
[2019-03-05 22:23:51] [Success] cleared 1 files from C:\Users\lockdown\Desktop\Kodi\portable_data\cache\temp
[2019-03-05 22:23:51] [Auto Clean Up] Old Thumbs: On
[2019-03-05 22:23:52] 0 total thumbs cleaned up.
[2019-03-05 22:23:52] [Auto Clean Up] Packages: On
[2019-03-05 22:23:59] [ Version : '1.1.1' ] [ Mode : 'None' ] [ Name : 'None' ] [ Url : 'None' ]
[2019-03-05 22:24:04] [ Version : '1.1.1' ] [ Mode : 'None' ] [ Name : 'None' ] [ Url : 'None' ]
[2019-03-05 22:24:12] [ Version : '1.1.1' ] [ Mode : 'builds' ] [ Name : 'None' ] [ Url : 'None' ]
[2019-03-05 22:24:26] [ Version : '1.1.1' ] [ Mode : 'viewbuild' ] [ Name : 'Injustice' ] [ Url : 'None' ]
[2019-03-05 22:24:39] [ Version : '1.1.1' ] [ Mode : 'install' ] [ Name : 'Injustice' ] [ Url : 'normal' ]
[2019-03-05 22:32:32] [ Version : '1.1.1' ] [ Mode : 'maint' ] [ Name : 'None' ] [ Url : 'None' ]
[2019-03-05 22:33:52] [ Version : '1.1.1' ] [ Mode : 'maint' ] [ Name : 'None' ] [ Url : 'None' ]
[2019-03-05 22:38:39] 2019-03-05 22:38:39.245000
[2019-03-05 22:38:40] Continuing Start Up Script
[2019-03-05 22:38:40] [Path Check] Started
[2019-03-05 22:38:40] [Path Check] Good!
[2019-03-05 22:38:40] [Auto Install Repo] Started
[2019-03-05 22:38:41] [ Version : '1.1.1' ] [ Mode : 'maint' ] [ Name : 'None' ] [ Url : 'None' ]
[2019-03-05 22:38:41] Invalid URL for Repo Zip
[2019-03-05 22:38:41] [Auto Update Wizard] Started
[2019-03-05 22:38:43] [Auto Update Wizard] No New Version vFalse
[2019-03-05 22:38:43] [Notifications] Started
[2019-03-05 22:38:43] [Notifications] Not Enabled
[2019-03-05 22:38:43] [Installed Check] Started
[2019-03-05 22:38:43] [Installed Check] Not Enabled
[2019-03-05 22:38:43] [Build Check] Started
[2019-03-05 22:38:43] [Trakt Data] Started
[2019-03-05 22:38:43] [Trakt Data] Not Enabled
[2019-03-05 22:38:43] [Real Debrid Data] Started
[2019-03-05 22:38:43] [Real Debrid Data] Not Enabled
[2019-03-05 22:38:43] [Login Data] Started
[2019-03-05 22:38:43] [Login Data] Not Enabled
[2019-03-05 22:38:43] [Auto Clean Up] Started
[2019-03-05 22:38:43] [Auto Clean Up] Cache: On
[2019-03-05 22:38:43] [Success] cleared 1 files from C:\Users\lockdown\Desktop\Kodi\portable_data\cache\scrapers
[2019-03-05 22:38:43] [Success] cleared 1 files from C:\Users\lockdown\Desktop\Kodi\portable_data\cache\temp
[2019-03-05 22:38:43] [Auto Clean Up] Old Thumbs: On
[2019-03-05 22:38:43] 0 total thumbs cleaned up.
[2019-03-05 22:38:43] [Auto Clean Up] Packages: On
[2019-03-05 22:38:59] [ Version : '1.1.1' ] [ Mode : 'maint' ] [ Name : 'None' ] [ Url : 'None' ]
[2019-03-05 23:25:57] [ Version : '1.1.1' ] [ Mode : 'maint' ] [ Name : 'None' ] [ Url : 'None' ]
[2019-03-05 23:26:04] [ Version : '1.1.1' ] [ Mode : 'maint' ] [ Name : 'None' ] [ Url : 'None' ]
[2019-03-05 23:26:50] [ Version : '1.1.1' ] [ Mode : 'maint' ] [ Name : 'None' ] [ Url : 'None' ]
[2019-03-05 23:28:25] 2019-03-05 23:28:25.494000
[2019-03-05 23:28:26] Continuing Start Up Script
[2019-03-05 23:28:26] [Path Check] Started
[2019-03-05 23:28:26] [Path Check] Good!
[2019-03-05 23:28:26] [Auto Install Repo] Started
[2019-03-05 23:28:28] Invalid URL for Repo Zip
[2019-03-05 23:28:28] [Auto Update Wizard] Started
[2019-03-05 23:28:28] [ Version : '1.1.1' ] [ Mode : 'maint' ] [ Name : 'None' ] [ Url : 'None' ]
[2019-03-05 23:28:30] [Auto Update Wizard] No New Version vFalse
[2019-03-05 23:28:30] [Notifications] Started
[2019-03-05 23:28:30] [Notifications] Not Enabled
[2019-03-05 23:28:30] [Installed Check] Started
[2019-03-05 23:28:30] [Installed Check] Not Enabled
[2019-03-05 23:28:30] [Build Check] Started
[2019-03-05 23:28:30] [Trakt Data] Started
[2019-03-05 23:28:30] [Trakt Data] Not Enabled
[2019-03-05 23:28:30] [Real Debrid Data] Started
[2019-03-05 23:28:30] [Real Debrid Data] Not Enabled
[2019-03-05 23:28:30] [Login Data] Started
[2019-03-05 23:28:30] [Login Data] Not Enabled
[2019-03-05 23:28:30] [Auto Clean Up] Started
[2019-03-05 23:28:30] [Auto Clean Up] Cache: On
[2019-03-05 23:28:30] [Success] cleared 1 files from C:\Users\lockdown\Desktop\Kodi\portable_data\cache\scrapers
[2019-03-05 23:28:30] [Success] cleared 1 files from C:\Users\lockdown\Desktop\Kodi\portable_data\cache\temp
[2019-03-05 23:28:30] [Auto Clean Up] Old Thumbs: On
[2019-03-05 23:28:31] [ Version : '1.1.1' ] [ Mode : 'maint' ] [ Name : 'None' ] [ Url : 'None' ]
[2019-03-05 23:28:31] 0 total thumbs cleaned up.
[2019-03-05 23:28:31] [Auto Clean Up] Packages: On
[2019-03-05 23:28:49] [ Version : '1.1.1' ] [ Mode : 'maint' ] [ Name : 'None' ] [ Url : 'None' ]
[2019-03-05 23:29:25] [ Version : '1.1.1' ] [ Mode : 'maint' ] [ Name : 'None' ] [ Url : 'None' ]
[2019-03-05 23:29:32] [ Version : '1.1.1' ] [ Mode : 'maint' ] [ Name : 'None' ] [ Url : 'None' ]
[2019-03-06 00:44:34] 2019-03-06 00:44:34.689000
[2019-03-06 00:44:35] Continuing Start Up Script
[2019-03-06 00:44:35] [Path Check] Started
[2019-03-06 00:44:35] [Path Check] Good!
[2019-03-06 00:44:35] [Auto Install Repo] Started
[2019-03-06 00:44:37] Invalid URL for Repo Zip
[2019-03-06 00:44:37] [Auto Update Wizard] Started
[2019-03-06 00:44:38] [ Version : '1.1.1' ] [ Mode : 'maint' ] [ Name : 'None' ] [ Url : 'None' ]
[2019-03-06 00:44:39] [ Version : '1.1.1' ] [ Mode : 'maint' ] [ Name : 'None' ] [ Url : 'None' ]
[2019-03-06 00:44:40] [Auto Update Wizard] No New Version vFalse
[2019-03-06 00:44:40] [Notifications] Started
[2019-03-06 00:44:40] [Notifications] Not Enabled
[2019-03-06 00:44:40] [Installed Check] Started
[2019-03-06 00:44:40] [Installed Check] Not Enabled
[2019-03-06 00:44:40] [Build Check] Started
[2019-03-06 00:44:40] [Trakt Data] Started
[2019-03-06 00:44:40] [Trakt Data] Not Enabled
[2019-03-06 00:44:40] [Real Debrid Data] Started
[2019-03-06 00:44:40] [Real Debrid Data] Not Enabled
[2019-03-06 00:44:40] [Login Data] Started
[2019-03-06 00:44:40] [Login Data] Not Enabled
[2019-03-06 00:44:40] [Auto Clean Up] Started
[2019-03-06 00:44:40] [Auto Clean Up] Cache: On
[2019-03-06 00:44:40] [Success] cleared 1 files from C:\Users\lockdown\Desktop\Kodi\portable_data\cache\temp
[2019-03-06 00:44:40] [Auto Clean Up] Old Thumbs: On
[2019-03-06 00:44:40] 0 total thumbs cleaned up.
[2019-03-06 00:44:40] [Auto Clean Up] Packages: On
[2019-03-06 01:03:40] 2019-03-06 01:03:40.274000
[2019-03-06 01:03:41] Continuing Start Up Script
[2019-03-06 01:03:41] [Path Check] Started
[2019-03-06 01:03:41] [Path Check] Good!
[2019-03-06 01:03:41] [Auto Install Repo] Started
[2019-03-06 01:03:41] [ Version : '1.1.1' ] [ Mode : 'maint' ] [ Name : 'None' ] [ Url : 'None' ]
[2019-03-06 01:03:42] Invalid URL for Repo Zip
[2019-03-06 01:03:42] [Auto Update Wizard] Started
[2019-03-06 01:03:44] [Auto Update Wizard] No New Version vFalse
[2019-03-06 01:03:44] [Notifications] Started
[2019-03-06 01:03:44] [Notifications] Not Enabled
[2019-03-06 01:03:44] [Installed Check] Started
[2019-03-06 01:03:44] [Installed Check] Not Enabled
[2019-03-06 01:03:44] [Build Check] Started
[2019-03-06 01:03:44] [Trakt Data] Started
[2019-03-06 01:03:44] [Trakt Data] Not Enabled
[2019-03-06 01:03:44] [Real Debrid Data] Started
[2019-03-06 01:03:44] [Real Debrid Data] Not Enabled
[2019-03-06 01:03:44] [Login Data] Started
[2019-03-06 01:03:44] [Login Data] Not Enabled
[2019-03-06 01:03:44] [Auto Clean Up] Started
[2019-03-06 01:03:44] [Auto Clean Up] Cache: On
[2019-03-06 01:03:44] [Success] cleared 1 files from C:\Users\lockdown\Desktop\Kodi\portable_data\cache\temp
[2019-03-06 01:03:44] [Auto Clean Up] Old Thumbs: On
[2019-03-06 01:03:44] 0 total thumbs cleaned up.
[2019-03-06 01:03:44] [Auto Clean Up] Packages: On
[2019-03-06 11:55:28] 2019-03-06 11:55:28.651000
[2019-03-06 11:55:29] Continuing Start Up Script
[2019-03-06 11:55:29] [Path Check] Started
[2019-03-06 11:55:29] [Path Check] Good!
[2019-03-06 11:55:29] [Auto Install Repo] Started
[2019-03-06 11:55:30] [ Version : '1.1.1' ] [ Mode : 'maint' ] [ Name : 'None' ] [ Url : 'None' ]
[2019-03-06 11:55:30] Invalid URL for Repo Zip
[2019-03-06 11:55:30] [Auto Update Wizard] Started
[2019-03-06 11:55:33] [Auto Update Wizard] No New Version vFalse
[2019-03-06 11:55:33] [Notifications] Started
[2019-03-06 11:55:33] [Notifications] Not Enabled
[2019-03-06 11:55:33] [Installed Check] Started
[2019-03-06 11:55:33] [Installed Check] Not Enabled
[2019-03-06 11:55:33] [Build Check] Started
[2019-03-06 11:55:33] [Trakt Data] Started
[2019-03-06 11:55:33] [Trakt Data] Not Enabled
[2019-03-06 11:55:33] [Real Debrid Data] Started
[2019-03-06 11:55:33] [Real Debrid Data] Not Enabled
[2019-03-06 11:55:33] [Login Data] Started
[2019-03-06 11:55:33] [Login Data] Not Enabled
[2019-03-06 11:55:33] [Auto Clean Up] Started
[2019-03-06 11:55:33] [Auto Clean Up] Cache: On
[2019-03-06 11:55:33] [Success] cleared 1 files from C:\Users\lockdown\Desktop\Kodi\portable_data\cache\scrapers
[2019-03-06 11:55:33] [Success] cleared 1 files from C:\Users\lockdown\Desktop\Kodi\portable_data\cache\temp
[2019-03-06 11:55:33] [Auto Clean Up] Old Thumbs: On
[2019-03-06 11:55:33] 0 total thumbs cleaned up.
[2019-03-06 11:55:33] [Auto Clean Up] Packages: On
[2019-03-06 11:55:56] [ Version : '1.1.1' ] [ Mode : 'maint' ] [ Name : 'None' ] [ Url : 'None' ]
[2019-03-06 12:11:30] [ Version : '1.1.1' ] [ Mode : 'maint' ] [ Name : 'None' ] [ Url : 'None' ]
[2019-03-06 12:11:31] [ Version : '1.1.1' ] [ Mode : 'maint' ] [ Name : 'None' ] [ Url : 'None' ]
[2019-03-06 12:12:24] [ Version : '1.1.1' ] [ Mode : 'maint' ] [ Name : 'None' ] [ Url : 'None' ]
[2019-03-06 12:15:47] [ Version : '1.1.1' ] [ Mode : 'maint' ] [ Name : 'None' ] [ Url : 'None' ]
[2019-03-06 13:01:19] 2019-03-06 13:01:19.380000
[2019-03-06 13:01:20] Continuing Start Up Script
[2019-03-06 13:01:20] [Path Check] Started
[2019-03-06 13:01:20] [Path Check] Good!
[2019-03-06 13:01:20] [Auto Install Repo] Started
[2019-03-06 13:01:21] [ Version : '1.1.1' ] [ Mode : 'maint' ] [ Name : 'None' ] [ Url : 'None' ]
[2019-03-06 13:01:21] Invalid URL for Repo Zip
[2019-03-06 13:01:21] [Auto Update Wizard] Started
[2019-03-06 13:01:22] [ Version : '1.1.1' ] [ Mode : 'maint' ] [ Name : 'None' ] [ Url : 'None' ]
[2019-03-06 13:01:23] [Auto Update Wizard] No New Version vFalse
[2019-03-06 13:01:23] [Notifications] Started
[2019-03-06 13:01:23] [Notifications] Not Enabled
[2019-03-06 13:01:23] [Installed Check] Started
[2019-03-06 13:01:23] [Installed Check] Not Enabled
[2019-03-06 13:01:23] [Build Check] Started
[2019-03-06 13:01:23] [Trakt Data] Started
[2019-03-06 13:01:23] [Trakt Data] Not Enabled
[2019-03-06 13:01:23] [Real Debrid Data] Started
[2019-03-06 13:01:23] [Real Debrid Data] Not Enabled
[2019-03-06 13:01:23] [Login Data] Started
[2019-03-06 13:01:23] [Login Data] Not Enabled
[2019-03-06 13:01:23] [Auto Clean Up] Started
[2019-03-06 13:01:23] [Auto Clean Up] Cache: On
[2019-03-06 13:01:23] [Success] wiped C:\Users\lockdown\Desktop\Kodi\portable_data\userdata\addon_data\script.module.resolveurl\cache 
[2019-03-06 13:01:23] [Success] cleared 1 files from C:\Users\lockdown\Desktop\Kodi\portable_data\cache\scrapers
[2019-03-06 13:01:23] [Success] cleared 1 files from C:\Users\lockdown\Desktop\Kodi\portable_data\cache\temp
[2019-03-06 13:01:23] [Auto Clean Up] Old Thumbs: On
[2019-03-06 13:01:23] 0 total thumbs cleaned up.
[2019-03-06 13:01:23] [Auto Clean Up] Packages: On
[2019-03-06 13:02:17] 2019-03-06 13:02:17.161000
[2019-03-06 13:02:18] Continuing Start Up Script
[2019-03-06 13:02:18] [Path Check] Started
[2019-03-06 13:02:18] [Path Check] Good!
[2019-03-06 13:02:18] [Auto Install Repo] Started
[2019-03-06 13:02:19] [ Version : '1.1.1' ] [ Mode : 'maint' ] [ Name : 'None' ] [ Url : 'None' ]
[2019-03-06 13:02:19] Invalid URL for Repo Zip
[2019-03-06 13:02:19] [Auto Update Wizard] Started
[2019-03-06 13:02:21] [ Version : '1.1.1' ] [ Mode : 'maint' ] [ Name : 'None' ] [ Url : 'None' ]
[2019-03-06 13:02:21] [Auto Update Wizard] No New Version vFalse
[2019-03-06 13:02:21] [Notifications] Started
[2019-03-06 13:02:21] [Notifications] Not Enabled
[2019-03-06 13:02:21] [Installed Check] Started
[2019-03-06 13:02:21] [Installed Check] Not Enabled
[2019-03-06 13:02:21] [Build Check] Started
[2019-03-06 13:02:21] [Trakt Data] Started
[2019-03-06 13:02:21] [Trakt Data] Not Enabled
[2019-03-06 13:02:21] [Real Debrid Data] Started
[2019-03-06 13:02:21] [Real Debrid Data] Not Enabled
[2019-03-06 13:02:21] [Login Data] Started
[2019-03-06 13:02:21] [Login Data] Not Enabled
[2019-03-06 13:02:21] [Auto Clean Up] Started
[2019-03-06 13:02:21] [Auto Clean Up] Cache: On
[2019-03-06 13:02:21] [Success] cleared 1 files from C:\Users\lockdown\Desktop\Kodi\portable_data\cache\scrapers
[2019-03-06 13:02:21] [Success] cleared 1 files from C:\Users\lockdown\Desktop\Kodi\portable_data\cache\temp
[2019-03-06 13:02:21] [Auto Clean Up] Old Thumbs: On
[2019-03-06 13:02:21] 0 total thumbs cleaned up.
[2019-03-06 13:02:22] [Auto Clean Up] Packages: On
[2019-03-06 13:03:18] [ Version : '1.1.1' ] [ Mode : 'maint' ] [ Name : 'None' ] [ Url : 'None' ]
[2019-03-06 13:03:24] [ Version : '1.1.1' ] [ Mode : 'maint' ] [ Name : 'None' ] [ Url : 'None' ]
[2019-03-06 13:08:34] 2019-03-06 13:08:34.598000
[2019-03-06 13:08:35] Continuing Start Up Script
[2019-03-06 13:08:35] [Path Check] Started
[2019-03-06 13:08:35] [Path Check] Good!
[2019-03-06 13:08:35] [Auto Install Repo] Started
[2019-03-06 13:08:36] [ Version : '1.1.1' ] [ Mode : 'maint' ] [ Name : 'None' ] [ Url : 'None' ]
[2019-03-06 13:08:36] Invalid URL for Repo Zip
[2019-03-06 13:08:36] [Auto Update Wizard] Started
[2019-03-06 13:08:38] [Auto Update Wizard] No New Version vFalse
[2019-03-06 13:08:38] [Notifications] Started
[2019-03-06 13:08:38] [Notifications] Not Enabled
[2019-03-06 13:08:38] [Installed Check] Started
[2019-03-06 13:08:38] [Installed Check] Not Enabled
[2019-03-06 13:08:38] [Build Check] Started
[2019-03-06 13:08:38] [Trakt Data] Started
[2019-03-06 13:08:38] [Trakt Data] Not Enabled
[2019-03-06 13:08:38] [Real Debrid Data] Started
[2019-03-06 13:08:38] [Real Debrid Data] Not Enabled
[2019-03-06 13:08:38] [Login Data] Started
[2019-03-06 13:08:38] [Login Data] Not Enabled
[2019-03-06 13:08:38] [Auto Clean Up] Started
[2019-03-06 13:08:38] [Auto Clean Up] Cache: On
[2019-03-06 13:08:38] [Success] wiped C:\Users\lockdown\Desktop\Kodi\portable_data\userdata\addon_data\script.module.resolveurl\cache 
[2019-03-06 13:08:39] [Success] cleared 1 files from C:\Users\lockdown\Desktop\Kodi\portable_data\cache\scrapers
[2019-03-06 13:08:39] [Success] cleared 1 files from C:\Users\lockdown\Desktop\Kodi\portable_data\cache\temp
[2019-03-06 13:08:39] [Auto Clean Up] Old Thumbs: On
[2019-03-06 13:08:39] 0 total thumbs cleaned up.
[2019-03-06 13:08:39] [Auto Clean Up] Packages: On
[2019-03-06 13:12:02] [ Version : '1.1.1' ] [ Mode : 'maint' ] [ Name : 'None' ] [ Url : 'None' ]
[2019-03-06 13:48:47] 2019-03-06 13:48:47.960000
[2019-03-06 13:48:49] Continuing Start Up Script
[2019-03-06 13:48:49] [Path Check] Started
[2019-03-06 13:48:49] [Path Check] Good!
[2019-03-06 13:48:49] [Auto Install Repo] Started
[2019-03-06 13:48:50] [ Version : '1.1.1' ] [ Mode : 'maint' ] [ Name : 'None' ] [ Url : 'None' ]
[2019-03-06 13:48:50] Invalid URL for Repo Zip
[2019-03-06 13:48:50] [Auto Update Wizard] Started
[2019-03-06 13:48:52] [Auto Update Wizard] No New Version vFalse
[2019-03-06 13:48:52] [Notifications] Started
[2019-03-06 13:48:52] [Notifications] Not Enabled
[2019-03-06 13:48:52] [Installed Check] Started
[2019-03-06 13:48:52] [Installed Check] Not Enabled
[2019-03-06 13:48:52] [Build Check] Started
[2019-03-06 13:48:52] [Trakt Data] Started
[2019-03-06 13:48:52] [Trakt Data] Not Enabled
[2019-03-06 13:48:52] [Real Debrid Data] Started
[2019-03-06 13:48:52] [Real Debrid Data] Not Enabled
[2019-03-06 13:48:52] [Login Data] Started
[2019-03-06 13:48:52] [Login Data] Not Enabled
[2019-03-06 13:48:52] [Auto Clean Up] Started
[2019-03-06 13:48:52] [Auto Clean Up] Cache: On
[2019-03-06 13:48:52] [Success] wiped C:\Users\lockdown\Desktop\Kodi\portable_data\userdata\addon_data\script.module.resolveurl\cache 
[2019-03-06 13:48:53] [Success] cleared 1 files from C:\Users\lockdown\Desktop\Kodi\portable_data\cache\scrapers
[2019-03-06 13:48:53] [Success] cleared 1 files from C:\Users\lockdown\Desktop\Kodi\portable_data\cache\temp
[2019-03-06 13:48:53] [Auto Clean Up] Old Thumbs: On
[2019-03-06 13:48:53] [ Version : '1.1.1' ] [ Mode : 'maint' ] [ Name : 'None' ] [ Url : 'None' ]
[2019-03-06 13:48:53] 0 total thumbs cleaned up.
[2019-03-06 13:48:53] [Auto Clean Up] Packages: On
[2019-03-06 13:49:56] [ Version : '1.1.1' ] [ Mode : 'maint' ] [ Name : 'None' ] [ Url : 'None' ]
[2019-03-06 19:01:48] 2019-03-06 19:01:48.698000
[2019-03-06 19:01:49] Continuing Start Up Script
[2019-03-06 19:01:49] [Path Check] Started
[2019-03-06 19:01:49] [Path Check] Good!
[2019-03-06 19:01:49] [Auto Install Repo] Started
[2019-03-06 19:01:54] Working Url Error: <urlopen error timed out> [https://raw.githubusercontent.com/Goldengunrepo/install/master/goldengun/xml/builds.xml]
[2019-03-06 19:01:55] [ Version : '1.1.1' ] [ Mode : 'maint' ] [ Name : 'None' ] [ Url : 'None' ]
[2019-03-06 19:01:55] Invalid URL for Repo Zip
[2019-03-06 19:01:55] [Auto Update Wizard] Started
[2019-03-06 19:01:58] [Auto Update Wizard] No New Version vFalse
[2019-03-06 19:01:58] [Notifications] Started
[2019-03-06 19:01:58] [Notifications] Not Enabled
[2019-03-06 19:01:58] [Installed Check] Started
[2019-03-06 19:01:58] [Installed Check] Not Enabled
[2019-03-06 19:01:58] [Build Check] Started
[2019-03-06 19:01:58] [Trakt Data] Started
[2019-03-06 19:01:58] [Trakt Data] Not Enabled
[2019-03-06 19:01:58] [Real Debrid Data] Started
[2019-03-06 19:01:58] [Real Debrid Data] Not Enabled
[2019-03-06 19:01:58] [Login Data] Started
[2019-03-06 19:01:58] [Login Data] Not Enabled
[2019-03-06 19:01:58] [Auto Clean Up] Started
[2019-03-06 19:01:58] [Auto Clean Up] Cache: On
[2019-03-06 19:01:58] [Success] cleared 1 files from C:\Users\lockdown\Desktop\Kodi\portable_data\cache\scrapers
[2019-03-06 19:01:58] [Success] cleared 1 files from C:\Users\lockdown\Desktop\Kodi\portable_data\cache\temp
[2019-03-06 19:01:58] [Auto Clean Up] Old Thumbs: On
[2019-03-06 19:01:58] 0 total thumbs cleaned up.
[2019-03-06 19:01:58] [Auto Clean Up] Packages: On
[2019-03-06 19:02:34] [ Version : '1.1.1' ] [ Mode : 'maint' ] [ Name : 'None' ] [ Url : 'None' ]
[2019-03-06 19:04:00] 2019-03-06 19:04:00.608000
[2019-03-06 19:04:01] Continuing Start Up Script
[2019-03-06 19:04:01] [Path Check] Started
[2019-03-06 19:04:01] [Path Check] Good!
[2019-03-06 19:04:01] [Auto Install Repo] Started
[2019-03-06 19:04:03] Invalid URL for Repo Zip
[2019-03-06 19:04:03] [Auto Update Wizard] Started
[2019-03-06 19:04:03] [ Version : '1.1.1' ] [ Mode : 'maint' ] [ Name : 'None' ] [ Url : 'None' ]
[2019-03-06 19:04:05] [Auto Update Wizard] No New Version vFalse
[2019-03-06 19:04:05] [Notifications] Started
[2019-03-06 19:04:05] [Notifications] Not Enabled
[2019-03-06 19:04:05] [Installed Check] Started
[2019-03-06 19:04:05] [Installed Check] Not Enabled
[2019-03-06 19:04:05] [Build Check] Started
[2019-03-06 19:04:05] [Trakt Data] Started
[2019-03-06 19:04:05] [Trakt Data] Not Enabled
[2019-03-06 19:04:05] [Real Debrid Data] Started
[2019-03-06 19:04:05] [Real Debrid Data] Not Enabled
[2019-03-06 19:04:05] [Login Data] Started
[2019-03-06 19:04:05] [Login Data] Not Enabled
[2019-03-06 19:04:05] [Auto Clean Up] Started
[2019-03-06 19:04:05] [Auto Clean Up] Cache: On
[2019-03-06 19:04:06] [Success] cleared 1 files from C:\Users\lockdown\Desktop\Kodi\portable_data\cache\scrapers
[2019-03-06 19:04:06] [Success] cleared 1 files from C:\Users\lockdown\Desktop\Kodi\portable_data\cache\temp
[2019-03-06 19:04:06] [Auto Clean Up] Old Thumbs: On
[2019-03-06 19:04:06] [ Version : '1.1.1' ] [ Mode : 'maint' ] [ Name : 'None' ] [ Url : 'None' ]
[2019-03-06 19:04:06] 0 total thumbs cleaned up.
[2019-03-06 19:04:06] [Auto Clean Up] Packages: On
[2019-03-06 19:05:09] 2019-03-06 19:05:09.143000
[2019-03-06 19:05:10] Continuing Start Up Script
[2019-03-06 19:05:10] [Path Check] Started
[2019-03-06 19:05:10] [Path Check] Good!
[2019-03-06 19:05:10] [Auto Install Repo] Started
[2019-03-06 19:05:11] [ Version : '1.1.1' ] [ Mode : 'maint' ] [ Name : 'None' ] [ Url : 'None' ]
[2019-03-06 19:05:11] Invalid URL for Repo Zip
[2019-03-06 19:05:11] [Auto Update Wizard] Started
[2019-03-06 19:05:13] [Auto Update Wizard] No New Version vFalse
[2019-03-06 19:05:13] [Notifications] Started
[2019-03-06 19:05:13] [Notifications] Not Enabled
[2019-03-06 19:05:13] [Installed Check] Started
[2019-03-06 19:05:13] [Installed Check] Not Enabled
[2019-03-06 19:05:13] [Build Check] Started
[2019-03-06 19:05:13] [Trakt Data] Started
[2019-03-06 19:05:13] [Trakt Data] Not Enabled
[2019-03-06 19:05:13] [Real Debrid Data] Started
[2019-03-06 19:05:13] [Real Debrid Data] Not Enabled
[2019-03-06 19:05:13] [Login Data] Started
[2019-03-06 19:05:13] [Login Data] Not Enabled
[2019-03-06 19:05:13] [Auto Clean Up] Started
[2019-03-06 19:05:13] [Auto Clean Up] Cache: On
[2019-03-06 19:05:13] [Success] cleared 1 files from C:\Users\lockdown\Desktop\Kodi\portable_data\cache\temp
[2019-03-06 19:05:13] [Auto Clean Up] Old Thumbs: On
[2019-03-06 19:05:13] 0 total thumbs cleaned up.
[2019-03-06 19:05:13] [Auto Clean Up] Packages: On
[2019-03-06 19:06:58] [ Version : '1.1.1' ] [ Mode : 'maint' ] [ Name : 'None' ] [ Url : 'None' ]
[2019-03-06 19:08:32] 2019-03-06 19:08:32.166000
[2019-03-06 19:08:33] Continuing Start Up Script
[2019-03-06 19:08:33] [Path Check] Started
[2019-03-06 19:08:33] [Path Check] Good!
[2019-03-06 19:08:33] [Auto Install Repo] Started
[2019-03-06 19:08:35] [ Version : '1.1.1' ] [ Mode : 'maint' ] [ Name : 'None' ] [ Url : 'None' ]
[2019-03-06 19:08:35] Invalid URL for Repo Zip
[2019-03-06 19:08:35] [Auto Update Wizard] Started
[2019-03-06 19:08:37] [Auto Update Wizard] No New Version vFalse
[2019-03-06 19:08:37] [Notifications] Started
[2019-03-06 19:08:37] [Notifications] Not Enabled
[2019-03-06 19:08:37] [Installed Check] Started
[2019-03-06 19:08:37] [Installed Check] Not Enabled
[2019-03-06 19:08:37] [Build Check] Started
[2019-03-06 19:08:37] [Trakt Data] Started
[2019-03-06 19:08:37] [Trakt Data] Not Enabled
[2019-03-06 19:08:37] [Real Debrid Data] Started
[2019-03-06 19:08:37] [Real Debrid Data] Not Enabled
[2019-03-06 19:08:37] [Login Data] Started
[2019-03-06 19:08:37] [Login Data] Not Enabled
[2019-03-06 19:08:37] [Auto Clean Up] Started
[2019-03-06 19:08:37] [Auto Clean Up] Cache: On
[2019-03-06 19:08:37] [Success] cleared 1 files from C:\Users\lockdown\Desktop\Kodi\portable_data\cache\scrapers
[2019-03-06 19:08:37] [Success] cleared 1 files from C:\Users\lockdown\Desktop\Kodi\portable_data\cache\temp
[2019-03-06 19:08:37] [Auto Clean Up] Old Thumbs: On
[2019-03-06 19:08:38] [ Version : '1.1.1' ] [ Mode : 'maint' ] [ Name : 'None' ] [ Url : 'None' ]
[2019-03-06 19:08:41] 0 total thumbs cleaned up.
[2019-03-06 19:08:41] [Auto Clean Up] Packages: On
[2019-03-06 19:28:55] 2019-03-06 19:28:55.088000
[2019-03-06 19:28:56] Continuing Start Up Script
[2019-03-06 19:28:56] [Path Check] Started
[2019-03-06 19:28:56] [Path Check] Good!
[2019-03-06 19:28:56] [Auto Install Repo] Started
[2019-03-06 19:28:58] [ Version : '1.1.1' ] [ Mode : 'maint' ] [ Name : 'None' ] [ Url : 'None' ]
[2019-03-06 19:28:58] Invalid URL for Repo Zip
[2019-03-06 19:28:58] [Auto Update Wizard] Started
[2019-03-06 19:29:01] [Auto Update Wizard] No New Version vFalse
[2019-03-06 19:29:01] [Notifications] Started
[2019-03-06 19:29:01] [Notifications] Not Enabled
[2019-03-06 19:29:01] [Installed Check] Started
[2019-03-06 19:29:01] [Installed Check] Not Enabled
[2019-03-06 19:29:01] [Build Check] Started
[2019-03-06 19:29:01] [Trakt Data] Started
[2019-03-06 19:29:01] [Trakt Data] Not Enabled
[2019-03-06 19:29:01] [Real Debrid Data] Started
[2019-03-06 19:29:01] [Real Debrid Data] Not Enabled
[2019-03-06 19:29:01] [Login Data] Started
[2019-03-06 19:29:01] [Login Data] Not Enabled
[2019-03-06 19:29:01] [Auto Clean Up] Started
[2019-03-06 19:29:01] [Auto Clean Up] Cache: On
[2019-03-06 19:29:01] [Success] cleared 1 files from C:\Users\lockdown\Desktop\Kodi\portable_data\cache\scrapers
[2019-03-06 19:29:01] [Success] cleared 1 files from C:\Users\lockdown\Desktop\Kodi\portable_data\cache\temp
[2019-03-06 19:29:01] [Auto Clean Up] Old Thumbs: On
[2019-03-06 19:29:01] 0 total thumbs cleaned up.
[2019-03-06 19:29:02] [Auto Clean Up] Packages: On
[2019-03-06 19:29:14] [ Version : '1.1.1' ] [ Mode : 'maint' ] [ Name : 'None' ] [ Url : 'None' ]
[2019-03-06 19:31:29] [ Version : '1.1.1' ] [ Mode : 'maint' ] [ Name : 'None' ] [ Url : 'None' ]
[2019-03-06 19:59:42] 2019-03-06 19:59:42.142000
[2019-03-06 19:59:43] Continuing Start Up Script
[2019-03-06 19:59:43] [Path Check] Started
[2019-03-06 19:59:43] [Path Check] Good!
[2019-03-06 19:59:43] [Auto Install Repo] Started
[2019-03-06 19:59:44] [ Version : '1.1.1' ] [ Mode : 'maint' ] [ Name : 'None' ] [ Url : 'None' ]
[2019-03-06 19:59:44] Invalid URL for Repo Zip
[2019-03-06 19:59:44] [Auto Update Wizard] Started
[2019-03-06 19:59:46] [Auto Update Wizard] No New Version vFalse
[2019-03-06 19:59:46] [Notifications] Started
[2019-03-06 19:59:46] [Notifications] Not Enabled
[2019-03-06 19:59:46] [Installed Check] Started
[2019-03-06 19:59:46] [Installed Check] Not Enabled
[2019-03-06 19:59:46] [Build Check] Started
[2019-03-06 19:59:46] [Trakt Data] Started
[2019-03-06 19:59:46] [Trakt Data] Not Enabled
[2019-03-06 19:59:46] [Real Debrid Data] Started
[2019-03-06 19:59:46] [Real Debrid Data] Not Enabled
[2019-03-06 19:59:46] [Login Data] Started
[2019-03-06 19:59:46] [Login Data] Not Enabled
[2019-03-06 19:59:46] [Auto Clean Up] Started
[2019-03-06 19:59:46] [Auto Clean Up] Cache: On
[2019-03-06 19:59:46] [Success] wiped C:\Users\lockdown\Desktop\Kodi\portable_data\userdata\addon_data\script.module.resolveurl\cache 
[2019-03-06 19:59:46] [Success] cleared 1 files from C:\Users\lockdown\Desktop\Kodi\portable_data\cache\temp
[2019-03-06 19:59:46] [Auto Clean Up] Old Thumbs: On
[2019-03-06 19:59:47] 0 total thumbs cleaned up.
[2019-03-06 19:59:47] [Auto Clean Up] Packages: On
[2019-03-06 19:59:55] [ Version : '1.1.1' ] [ Mode : 'maint' ] [ Name : 'None' ] [ Url : 'None' ]
[2019-03-06 20:00:50] [ Version : '1.1.1' ] [ Mode : 'maint' ] [ Name : 'None' ] [ Url : 'None' ]
[2019-03-06 20:03:29] [ Version : '1.1.1' ] [ Mode : 'maint' ] [ Name : 'None' ] [ Url : 'None' ]
[2019-03-06 20:33:47] [ Version : '1.1.1' ] [ Mode : 'maint' ] [ Name : 'None' ] [ Url : 'None' ]
[2019-03-06 21:27:19] [ Version : '1.1.1' ] [ Mode : 'maint' ] [ Name : 'None' ] [ Url : 'None' ]
[2019-03-06 21:27:24] [ Version : '1.1.1' ] [ Mode : 'maint' ] [ Name : 'None' ] [ Url : 'None' ]
[2019-03-06 21:31:04] [ Version : '1.1.1' ] [ Mode : 'maint' ] [ Name : 'None' ] [ Url : 'None' ]
[2019-03-06 21:31:16] [ Version : '1.1.1' ] [ Mode : 'maint' ] [ Name : 'None' ] [ Url : 'None' ]
[2019-03-06 21:34:28] [ Version : '1.1.1' ] [ Mode : 'maint' ] [ Name : 'None' ] [ Url : 'None' ]
[2019-03-06 21:35:00] [ Version : '1.1.1' ] [ Mode : 'maint' ] [ Name : 'None' ] [ Url : 'None' ]
[2019-03-06 21:35:03] [ Version : '1.1.1' ] [ Mode : 'maint' ] [ Name : 'None' ] [ Url : 'None' ]
[2019-03-06 21:36:33] [ Version : '1.1.1' ] [ Mode : 'maint' ] [ Name : 'None' ] [ Url : 'None' ]
[2019-03-06 21:38:16] 2019-03-06 21:38:16.876000
[2019-03-06 21:38:17] Continuing Start Up Script
[2019-03-06 21:38:17] [Path Check] Started
[2019-03-06 21:38:17] [Path Check] Good!
[2019-03-06 21:38:17] [Auto Install Repo] Started
[2019-03-06 21:38:19] [ Version : '1.1.1' ] [ Mode : 'maint' ] [ Name : 'None' ] [ Url : 'None' ]
[2019-03-06 21:38:19] Invalid URL for Repo Zip
[2019-03-06 21:38:19] [Auto Update Wizard] Started
[2019-03-06 21:38:21] [Auto Update Wizard] No New Version vFalse
[2019-03-06 21:38:21] [Notifications] Started
[2019-03-06 21:38:21] [Notifications] Not Enabled
[2019-03-06 21:38:21] [Installed Check] Started
[2019-03-06 21:38:21] [Installed Check] Not Enabled
[2019-03-06 21:38:21] [Build Check] Started
[2019-03-06 21:38:21] [Trakt Data] Started
[2019-03-06 21:38:21] [Trakt Data] Not Enabled
[2019-03-06 21:38:21] [Real Debrid Data] Started
[2019-03-06 21:38:21] [Real Debrid Data] Not Enabled
[2019-03-06 21:38:21] [Login Data] Started
[2019-03-06 21:38:21] [Login Data] Not Enabled
[2019-03-06 21:38:21] [Auto Clean Up] Started
[2019-03-06 21:38:21] [Auto Clean Up] Cache: On
[2019-03-06 21:38:22] [Success] wiped C:\Users\lockdown\Desktop\Kodi\portable_data\userdata\addon_data\script.module.resolveurl\cache 
[2019-03-06 21:38:22] [Success] cleared 1 files from C:\Users\lockdown\Desktop\Kodi\portable_data\cache\scrapers
[2019-03-06 21:38:22] [Success] cleared 1 files from C:\Users\lockdown\Desktop\Kodi\portable_data\cache\temp
[2019-03-06 21:38:22] [Auto Clean Up] Old Thumbs: On
[2019-03-06 21:38:23] [ Version : '1.1.1' ] [ Mode : 'maint' ] [ Name : 'None' ] [ Url : 'None' ]
[2019-03-06 21:38:23] 0 total thumbs cleaned up.
[2019-03-06 21:38:23] [Auto Clean Up] Packages: On
[2019-03-07 23:04:08] 2019-03-07 23:04:08.297000
[2019-03-07 23:04:09] Continuing Start Up Script
[2019-03-07 23:04:09] [Path Check] Started
[2019-03-07 23:04:09] [Path Check] Good!
[2019-03-07 23:04:09] [Auto Install Repo] Started
[2019-03-07 23:04:10] Invalid URL for Repo Zip
[2019-03-07 23:04:10] [Auto Update Wizard] Started
[2019-03-07 23:04:11] [ Version : '1.1.1' ] [ Mode : 'maint' ] [ Name : 'None' ] [ Url : 'None' ]
[2019-03-07 23:04:12] [Auto Update Wizard] No New Version vFalse
[2019-03-07 23:04:12] [Notifications] Started
[2019-03-07 23:04:12] [Notifications] Not Enabled
[2019-03-07 23:04:12] [Installed Check] Started
[2019-03-07 23:04:12] [Installed Check] Not Enabled
[2019-03-07 23:04:12] [Build Check] Started
[2019-03-07 23:04:12] [Trakt Data] Started
[2019-03-07 23:04:12] [Trakt Data] Not Enabled
[2019-03-07 23:04:12] [Real Debrid Data] Started
[2019-03-07 23:04:12] [Real Debrid Data] Not Enabled
[2019-03-07 23:04:12] [Login Data] Started
[2019-03-07 23:04:12] [Login Data] Not Enabled
[2019-03-07 23:04:12] [Auto Clean Up] Started
[2019-03-07 23:04:12] [Auto Clean Up] Cache: On
[2019-03-07 23:04:12] [Success] wiped C:\Users\lockdown\Desktop\Kodi\portable_data\userdata\addon_data\script.module.resolveurl\cache 
[2019-03-07 23:04:13] [Success] cleared 1 files from C:\Users\lockdown\Desktop\Kodi\portable_data\cache\scrapers
[2019-03-07 23:04:13] [Success] cleared 1 files from C:\Users\lockdown\Desktop\Kodi\portable_data\cache\temp
[2019-03-07 23:04:13] [Auto Clean Up] Old Thumbs: On
[2019-03-07 23:04:13] 0 total thumbs cleaned up.
[2019-03-07 23:04:13] [Auto Clean Up] Packages: On
[2019-03-07 23:24:07] 2019-03-07 23:24:07.266000
[2019-03-07 23:24:08] Continuing Start Up Script
[2019-03-07 23:24:08] [Path Check] Started
[2019-03-07 23:24:08] [Path Check] Good!
[2019-03-07 23:24:08] [Auto Install Repo] Started
[2019-03-07 23:24:09] Invalid URL for Repo Zip
[2019-03-07 23:24:09] [Auto Update Wizard] Started
[2019-03-07 23:24:11] [Auto Update Wizard] No New Version vFalse
[2019-03-07 23:24:11] [Notifications] Started
[2019-03-07 23:24:11] [Notifications] Not Enabled
[2019-03-07 23:24:11] [Installed Check] Started
[2019-03-07 23:24:11] [Installed Check] Not Enabled
[2019-03-07 23:24:11] [Build Check] Started
[2019-03-07 23:24:11] [Trakt Data] Started
[2019-03-07 23:24:11] [Trakt Data] Not Enabled
[2019-03-07 23:24:11] [Real Debrid Data] Started
[2019-03-07 23:24:11] [Real Debrid Data] Not Enabled
[2019-03-07 23:24:11] [Login Data] Started
[2019-03-07 23:24:11] [Login Data] Not Enabled
[2019-03-07 23:24:11] [Auto Clean Up] Started
[2019-03-07 23:24:11] [Auto Clean Up] Cache: On
[2019-03-07 23:24:11] [Success] cleared 1 files from C:\Users\lockdown\Desktop\Kodi\portable_data\cache\scrapers
[2019-03-07 23:24:11] [Success] cleared 1 files from C:\Users\lockdown\Desktop\Kodi\portable_data\cache\temp
[2019-03-07 23:24:11] [Auto Clean Up] Old Thumbs: On
[2019-03-07 23:24:11] 0 total thumbs cleaned up.
[2019-03-07 23:24:11] [Auto Clean Up] Packages: On
[2019-03-07 23:25:03] [ Version : '1.1.1' ] [ Mode : 'maint' ] [ Name : 'None' ] [ Url : 'None' ]
[2019-03-07 23:25:45] [ Version : '1.1.1' ] [ Mode : 'maint' ] [ Name : 'None' ] [ Url : 'None' ]
[2019-03-07 23:41:24] 2019-03-07 23:41:24.430000
[2019-03-07 23:41:25] Continuing Start Up Script
[2019-03-07 23:41:25] [Path Check] Started
[2019-03-07 23:41:25] [Path Check] Good!
[2019-03-07 23:41:25] [Auto Install Repo] Started
[2019-03-07 23:41:27] Invalid URL for Repo Zip
[2019-03-07 23:41:27] [Auto Update Wizard] Started
[2019-03-07 23:41:27] [ Version : '1.1.1' ] [ Mode : 'maint' ] [ Name : 'None' ] [ Url : 'None' ]
[2019-03-07 23:41:29] [Auto Update Wizard] No New Version vFalse
[2019-03-07 23:41:29] [Notifications] Started
[2019-03-07 23:41:29] [Notifications] Not Enabled
[2019-03-07 23:41:29] [Installed Check] Started
[2019-03-07 23:41:29] [Installed Check] Not Enabled
[2019-03-07 23:41:29] [Build Check] Started
[2019-03-07 23:41:29] [Trakt Data] Started
[2019-03-07 23:41:29] [Trakt Data] Not Enabled
[2019-03-07 23:41:29] [Real Debrid Data] Started
[2019-03-07 23:41:29] [Real Debrid Data] Not Enabled
[2019-03-07 23:41:29] [Login Data] Started
[2019-03-07 23:41:29] [Login Data] Not Enabled
[2019-03-07 23:41:29] [Auto Clean Up] Started
[2019-03-07 23:41:29] [Auto Clean Up] Cache: On
[2019-03-07 23:41:29] [Success] cleared 1 files from C:\Users\lockdown\Desktop\Kodi\portable_data\cache\scrapers
[2019-03-07 23:41:29] [Success] cleared 1 files from C:\Users\lockdown\Desktop\Kodi\portable_data\cache\temp
[2019-03-07 23:41:29] [Auto Clean Up] Old Thumbs: On
[2019-03-07 23:41:30] [ Version : '1.1.1' ] [ Mode : 'maint' ] [ Name : 'None' ] [ Url : 'None' ]
[2019-03-07 23:41:30] 0 total thumbs cleaned up.
[2019-03-07 23:41:30] [Auto Clean Up] Packages: On
[2019-03-07 23:41:43] [ Version : '1.1.1' ] [ Mode : 'maint' ] [ Name : 'None' ] [ Url : 'None' ]
[2019-03-07 23:41:47] [ Version : '1.1.1' ] [ Mode : 'maint' ] [ Name : 'None' ] [ Url : 'None' ]
[2019-03-07 23:41:47] [ Version : '1.1.1' ] [ Mode : 'maint' ] [ Name : 'None' ] [ Url : 'None' ]
[2019-03-08 00:09:34] [ Version : '1.1.1' ] [ Mode : 'maint' ] [ Name : 'None' ] [ Url : 'None' ]
[2019-03-08 00:11:21] [ Version : '1.1.1' ] [ Mode : 'maint' ] [ Name : 'None' ] [ Url : 'None' ]
[2019-03-08 00:11:29] [ Version : '1.1.1' ] [ Mode : 'maint' ] [ Name : 'None' ] [ Url : 'None' ]
[2019-03-08 00:12:49] [ Version : '1.1.1' ] [ Mode : 'maint' ] [ Name : 'None' ] [ Url : 'None' ]
[2019-03-08 00:16:11] [ Version : '1.1.1' ] [ Mode : 'maint' ] [ Name : 'None' ] [ Url : 'None' ]
[2019-03-08 00:16:15] [ Version : '1.1.1' ] [ Mode : 'maint' ] [ Name : 'None' ] [ Url : 'None' ]
[2019-03-08 00:16:39] [ Version : '1.1.1' ] [ Mode : 'maint' ] [ Name : 'None' ] [ Url : 'None' ]
[2019-03-08 00:17:20] 2019-03-08 00:17:20.366000
[2019-03-08 00:17:21] Continuing Start Up Script
[2019-03-08 00:17:21] [Path Check] Started
[2019-03-08 00:17:21] [Path Check] Good!
[2019-03-08 00:17:21] [Auto Install Repo] Started
[2019-03-08 00:17:21] [ Version : '1.1.1' ] [ Mode : 'maint' ] [ Name : 'None' ] [ Url : 'None' ]
[2019-03-08 00:17:22] Invalid URL for Repo Zip
[2019-03-08 00:17:22] [Auto Update Wizard] Started
[2019-03-08 00:17:24] [Auto Update Wizard] No New Version vFalse
[2019-03-08 00:17:24] [Notifications] Started
[2019-03-08 00:17:24] [Notifications] Not Enabled
[2019-03-08 00:17:24] [Installed Check] Started
[2019-03-08 00:17:24] [Installed Check] Not Enabled
[2019-03-08 00:17:24] [Build Check] Started
[2019-03-08 00:17:24] [Trakt Data] Started
[2019-03-08 00:17:24] [Trakt Data] Not Enabled
[2019-03-08 00:17:24] [Real Debrid Data] Started
[2019-03-08 00:17:24] [Real Debrid Data] Not Enabled
[2019-03-08 00:17:24] [Login Data] Started
[2019-03-08 00:17:24] [Login Data] Not Enabled
[2019-03-08 00:17:24] [Auto Clean Up] Started
[2019-03-08 00:17:24] [Auto Clean Up] Cache: On
[2019-03-08 00:17:24] [Success] wiped C:\Users\lockdown\Desktop\Kodi\portable_data\userdata\addon_data\script.module.resolveurl\cache 
[2019-03-08 00:17:24] [Success] cleared 1 files from C:\Users\lockdown\Desktop\Kodi\portable_data\cache\scrapers
[2019-03-08 00:17:24] [Success] cleared 1 files from C:\Users\lockdown\Desktop\Kodi\portable_data\cache\temp
[2019-03-08 00:17:24] [Auto Clean Up] Old Thumbs: On
[2019-03-08 00:17:24] 0 total thumbs cleaned up.
[2019-03-08 00:17:24] [Auto Clean Up] Packages: On
[2019-03-08 01:07:05] [ Version : '1.1.1' ] [ Mode : 'maint' ] [ Name : 'None' ] [ Url : 'None' ]
[2019-03-08 01:07:06] [ Version : '1.1.1' ] [ Mode : 'maint' ] [ Name : 'None' ] [ Url : 'None' ]
[2019-03-08 13:58:42] 2019-03-08 13:58:42.342000
[2019-03-08 13:58:43] Continuing Start Up Script
[2019-03-08 13:58:43] [Path Check] Started
[2019-03-08 13:58:43] [Path Check] Good!
[2019-03-08 13:58:43] [Auto Install Repo] Started
[2019-03-08 13:58:44] [ Version : '1.1.1' ] [ Mode : 'maint' ] [ Name : 'None' ] [ Url : 'None' ]
[2019-03-08 13:58:44] Invalid URL for Repo Zip
[2019-03-08 13:58:44] [Auto Update Wizard] Started
[2019-03-08 13:58:46] [Auto Update Wizard] No New Version vFalse
[2019-03-08 13:58:46] [Notifications] Started
[2019-03-08 13:58:46] [Notifications] Not Enabled
[2019-03-08 13:58:46] [Installed Check] Started
[2019-03-08 13:58:46] [Installed Check] Not Enabled
[2019-03-08 13:58:46] [Build Check] Started
[2019-03-08 13:58:46] [Trakt Data] Started
[2019-03-08 13:58:46] [Trakt Data] Not Enabled
[2019-03-08 13:58:46] [Real Debrid Data] Started
[2019-03-08 13:58:46] [Real Debrid Data] Not Enabled
[2019-03-08 13:58:46] [Login Data] Started
[2019-03-08 13:58:46] [Login Data] Not Enabled
[2019-03-08 13:58:46] [Auto Clean Up] Started
[2019-03-08 13:58:46] [Auto Clean Up] Cache: On
[2019-03-08 13:58:46] [Success] wiped C:\Users\lockdown\Desktop\Kodi\portable_data\userdata\addon_data\script.module.resolveurl\cache 
[2019-03-08 13:58:46] [Success] cleared 1 files from C:\Users\lockdown\Desktop\Kodi\portable_data\cache\scrapers
[2019-03-08 13:58:46] [Success] cleared 1 files from C:\Users\lockdown\Desktop\Kodi\portable_data\cache\temp
[2019-03-08 13:58:46] [Auto Clean Up] Old Thumbs: On
[2019-03-08 13:58:46] 0 total thumbs cleaned up.
[2019-03-08 13:58:46] [Auto Clean Up] Packages: On
[2019-03-08 13:59:15] [ Version : '1.1.1' ] [ Mode : 'maint' ] [ Name : 'None' ] [ Url : 'None' ]
[2019-03-08 22:06:30] 2019-03-08 22:06:30.781000
[2019-03-08 22:06:31] Continuing Start Up Script
[2019-03-08 22:06:31] [Path Check] Started
[2019-03-08 22:06:31] [Path Check] Good!
[2019-03-08 22:06:31] [Auto Install Repo] Started
[2019-03-08 22:06:32] [ Version : '1.1.1' ] [ Mode : 'maint' ] [ Name : 'None' ] [ Url : 'None' ]
[2019-03-08 22:06:32] Invalid URL for Repo Zip
[2019-03-08 22:06:32] [Auto Update Wizard] Started
[2019-03-08 22:06:35] [Auto Update Wizard] No New Version vFalse
[2019-03-08 22:06:35] [Notifications] Started
[2019-03-08 22:06:35] [Notifications] Not Enabled
[2019-03-08 22:06:35] [Installed Check] Started
[2019-03-08 22:06:35] [Installed Check] Not Enabled
[2019-03-08 22:06:35] [Build Check] Started
[2019-03-08 22:06:35] [Trakt Data] Started
[2019-03-08 22:06:35] [Trakt Data] Not Enabled
[2019-03-08 22:06:35] [Real Debrid Data] Started
[2019-03-08 22:06:35] [Real Debrid Data] Not Enabled
[2019-03-08 22:06:35] [Login Data] Started
[2019-03-08 22:06:35] [Login Data] Not Enabled
[2019-03-08 22:06:35] [Auto Clean Up] Started
[2019-03-08 22:06:35] [Auto Clean Up] Cache: On
[2019-03-08 22:06:35] [Success] cleared 1 files from C:\Users\lockdown\Desktop\Kodi\portable_data\cache\scrapers
[2019-03-08 22:06:35] [Success] cleared 1 files from C:\Users\lockdown\Desktop\Kodi\portable_data\cache\temp
[2019-03-08 22:06:35] [Auto Clean Up] Old Thumbs: On
[2019-03-08 22:06:35] 0 total thumbs cleaned up.
[2019-03-08 22:06:35] [Auto Clean Up] Packages: On
[2019-03-08 22:07:24] [ Version : '1.1.1' ] [ Mode : 'maint' ] [ Name : 'None' ] [ Url : 'None' ]
[2019-03-08 22:15:33] [ Version : '1.1.1' ] [ Mode : 'maint' ] [ Name : 'None' ] [ Url : 'None' ]
[2019-03-08 22:19:31] 2019-03-08 22:19:31.224000
[2019-03-08 22:19:32] Continuing Start Up Script
[2019-03-08 22:19:32] [Path Check] Started
[2019-03-08 22:19:32] [Path Check] Good!
[2019-03-08 22:19:32] [Auto Install Repo] Started
[2019-03-08 22:19:34] [ Version : '1.1.1' ] [ Mode : 'maint' ] [ Name : 'None' ] [ Url : 'None' ]
[2019-03-08 22:19:34] Invalid URL for Repo Zip
[2019-03-08 22:19:34] [Auto Update Wizard] Started
[2019-03-08 22:19:37] [Auto Update Wizard] No New Version vFalse
[2019-03-08 22:19:37] [Notifications] Started
[2019-03-08 22:19:37] [Notifications] Not Enabled
[2019-03-08 22:19:37] [Installed Check] Started
[2019-03-08 22:19:37] [Installed Check] Not Enabled
[2019-03-08 22:19:37] [Build Check] Started
[2019-03-08 22:19:37] [Trakt Data] Started
[2019-03-08 22:19:37] [Trakt Data] Not Enabled
[2019-03-08 22:19:37] [Real Debrid Data] Started
[2019-03-08 22:19:37] [Real Debrid Data] Not Enabled
[2019-03-08 22:19:37] [Login Data] Started
[2019-03-08 22:19:37] [Login Data] Not Enabled
[2019-03-08 22:19:37] [Auto Clean Up] Started
[2019-03-08 22:19:37] [Auto Clean Up] Cache: On
[2019-03-08 22:19:37] [Success] wiped C:\Users\lockdown\Desktop\Kodi\portable_data\userdata\addon_data\script.module.resolveurl\cache 
[2019-03-08 22:19:38] [Success] cleared 1 files from C:\Users\lockdown\Desktop\Kodi\portable_data\cache\scrapers
[2019-03-08 22:19:38] [Success] cleared 1 files from C:\Users\lockdown\Desktop\Kodi\portable_data\cache\temp
[2019-03-08 22:19:38] [Auto Clean Up] Old Thumbs: On
[2019-03-08 22:19:39] [ Version : '1.1.1' ] [ Mode : 'maint' ] [ Name : 'None' ] [ Url : 'None' ]
[2019-03-08 22:19:39] 0 total thumbs cleaned up.
[2019-03-08 22:19:39] [Auto Clean Up] Packages: On
[2019-03-08 22:32:25] Working Url Error: <urlopen error timed out> [https://raw.githubusercontent.com/Goldengunrepo/install/master/goldengun/xml/builds.xml]
[2019-03-08 22:32:28] [ Version : '1.1.1' ] [ Mode : 'maint' ] [ Name : 'None' ] [ Url : 'None' ]
[2019-03-08 22:34:27] [ Version : '1.1.1' ] [ Mode : 'maint' ] [ Name : 'None' ] [ Url : 'None' ]
[2019-03-08 22:34:35] [ Version : '1.1.1' ] [ Mode : 'maint' ] [ Name : 'None' ] [ Url : 'None' ]
[2019-03-08 22:35:44] [ Version : '1.1.1' ] [ Mode : 'maint' ] [ Name : 'None' ] [ Url : 'None' ]
[2019-03-08 22:35:52] [ Version : '1.1.1' ] [ Mode : 'maint' ] [ Name : 'None' ] [ Url : 'None' ]
[2019-03-08 23:14:57] 2019-03-08 23:14:57.333000
[2019-03-08 23:14:58] Continuing Start Up Script
[2019-03-08 23:14:58] [Path Check] Started
[2019-03-08 23:14:58] [Path Check] Good!
[2019-03-08 23:14:58] [Auto Install Repo] Started
[2019-03-08 23:14:59] [ Version : '1.1.1' ] [ Mode : 'maint' ] [ Name : 'None' ] [ Url : 'None' ]
[2019-03-08 23:14:59] Invalid URL for Repo Zip
[2019-03-08 23:14:59] [Auto Update Wizard] Started
[2019-03-08 23:15:01] [Auto Update Wizard] No New Version vFalse
[2019-03-08 23:15:01] [Notifications] Started
[2019-03-08 23:15:01] [Notifications] Not Enabled
[2019-03-08 23:15:01] [Installed Check] Started
[2019-03-08 23:15:01] [Installed Check] Not Enabled
[2019-03-08 23:15:01] [Build Check] Started
[2019-03-08 23:15:01] [Trakt Data] Started
[2019-03-08 23:15:01] [Trakt Data] Not Enabled
[2019-03-08 23:15:01] [Real Debrid Data] Started
[2019-03-08 23:15:01] [Real Debrid Data] Not Enabled
[2019-03-08 23:15:01] [Login Data] Started
[2019-03-08 23:15:01] [Login Data] Not Enabled
[2019-03-08 23:15:01] [Auto Clean Up] Started
[2019-03-08 23:15:01] [Auto Clean Up] Cache: On
[2019-03-08 23:15:01] [Success] wiped C:\Users\lockdown\Desktop\Kodi\portable_data\userdata\addon_data\script.module.resolveurl\cache 
[2019-03-08 23:15:02] [Success] cleared 1 files from C:\Users\lockdown\Desktop\Kodi\portable_data\cache\scrapers
[2019-03-08 23:15:02] [Success] cleared 1 files from C:\Users\lockdown\Desktop\Kodi\portable_data\cache\temp
[2019-03-08 23:15:02] [Auto Clean Up] Old Thumbs: On
[2019-03-08 23:15:02] 0 total thumbs cleaned up.
[2019-03-08 23:15:02] [Auto Clean Up] Packages: On
[2019-03-08 23:20:13] [ Version : '1.1.1' ] [ Mode : 'maint' ] [ Name : 'None' ] [ Url : 'None' ]
[2019-03-09 12:36:53] 2019-03-09 12:36:53.454000
[2019-03-09 12:36:54] Continuing Start Up Script
[2019-03-09 12:36:54] [Path Check] Started
[2019-03-09 12:36:54] [Path Check] Good!
[2019-03-09 12:36:54] [Auto Install Repo] Started
[2019-03-09 12:36:55] [ Version : '1.1.1' ] [ Mode : 'maint' ] [ Name : 'None' ] [ Url : 'None' ]
[2019-03-09 12:36:55] Invalid URL for Repo Zip
[2019-03-09 12:36:55] [Auto Update Wizard] Started
[2019-03-09 12:36:57] [Auto Update Wizard] No New Version vFalse
[2019-03-09 12:36:57] [Notifications] Started
[2019-03-09 12:36:57] [Notifications] Not Enabled
[2019-03-09 12:36:57] [Installed Check] Started
[2019-03-09 12:36:57] [Installed Check] Not Enabled
[2019-03-09 12:36:57] [Build Check] Started
[2019-03-09 12:36:57] [Trakt Data] Started
[2019-03-09 12:36:57] [Trakt Data] Not Enabled
[2019-03-09 12:36:57] [Real Debrid Data] Started
[2019-03-09 12:36:57] [Real Debrid Data] Not Enabled
[2019-03-09 12:36:57] [Login Data] Started
[2019-03-09 12:36:57] [Login Data] Not Enabled
[2019-03-09 12:36:57] [Auto Clean Up] Started
[2019-03-09 12:36:57] [Auto Clean Up] Cache: On
[2019-03-09 12:36:57] [Success] wiped C:\Users\lockdown\Desktop\Kodi\portable_data\userdata\addon_data\script.module.resolveurl\cache 
[2019-03-09 12:36:58] [Success] cleared 1 files from C:\Users\lockdown\Desktop\Kodi\portable_data\cache\scrapers
[2019-03-09 12:36:58] [Success] cleared 1 files from C:\Users\lockdown\Desktop\Kodi\portable_data\cache\temp
[2019-03-09 12:36:58] [Auto Clean Up] Old Thumbs: On
[2019-03-09 12:36:58] 0 total thumbs cleaned up.
[2019-03-09 12:36:58] [Auto Clean Up] Packages: On
[2019-03-09 12:39:24] [ Version : '1.1.1' ] [ Mode : 'maint' ] [ Name : 'None' ] [ Url : 'None' ]
[2019-03-10 00:53:28] 2019-03-10 00:53:28.279000
[2019-03-10 00:53:29] Continuing Start Up Script
[2019-03-10 00:53:29] [Path Check] Started
[2019-03-10 00:53:29] [Path Check] Good!
[2019-03-10 00:53:29] [Auto Install Repo] Started
[2019-03-10 00:53:30] [ Version : '1.1.1' ] [ Mode : 'maint' ] [ Name : 'None' ] [ Url : 'None' ]
[2019-03-10 00:53:31] Invalid URL for Repo Zip
[2019-03-10 00:53:31] [Auto Update Wizard] Started
[2019-03-10 00:53:33] [Auto Update Wizard] No New Version vFalse
[2019-03-10 00:53:33] [Notifications] Started
[2019-03-10 00:53:33] [Notifications] Not Enabled
[2019-03-10 00:53:33] [Installed Check] Started
[2019-03-10 00:53:33] [Installed Check] Not Enabled
[2019-03-10 00:53:33] [Build Check] Started
[2019-03-10 00:53:33] [Trakt Data] Started
[2019-03-10 00:53:33] [Trakt Data] Not Enabled
[2019-03-10 00:53:33] [Real Debrid Data] Started
[2019-03-10 00:53:33] [Real Debrid Data] Not Enabled
[2019-03-10 00:53:33] [Login Data] Started
[2019-03-10 00:53:33] [Login Data] Not Enabled
[2019-03-10 00:53:33] [Auto Clean Up] Started
[2019-03-10 00:53:33] [Auto Clean Up] Cache: On
[2019-03-10 00:53:33] [Success] cleared 1 files from C:\Users\lockdown\Desktop\Kodi\portable_data\cache\scrapers
[2019-03-10 00:53:33] [Success] cleared 1 files from C:\Users\lockdown\Desktop\Kodi\portable_data\cache\temp
[2019-03-10 00:53:33] [Auto Clean Up] Old Thumbs: On
[2019-03-10 00:53:33] 0 total thumbs cleaned up.
[2019-03-10 00:53:34] [Auto Clean Up] Packages: On
[2019-03-10 00:54:07] [ Version : '1.1.1' ] [ Mode : 'maint' ] [ Name : 'None' ] [ Url : 'None' ]
[2019-03-10 02:11:01] 2019-03-10 02:11:01.898000
[2019-03-10 02:11:03] Continuing Start Up Script
[2019-03-10 02:11:03] [Path Check] Started
[2019-03-10 02:11:03] [Path Check] Good!
[2019-03-10 02:11:03] [Auto Install Repo] Started
[2019-03-10 02:11:03] [ Version : '1.1.1' ] [ Mode : 'maint' ] [ Name : 'None' ] [ Url : 'None' ]
[2019-03-10 02:11:04] Invalid URL for Repo Zip
[2019-03-10 02:11:04] [Auto Update Wizard] Started
[2019-03-10 02:11:06] [Auto Update Wizard] No New Version vFalse
[2019-03-10 02:11:06] [Notifications] Started
[2019-03-10 02:11:06] [Notifications] Not Enabled
[2019-03-10 02:11:06] [Installed Check] Started
[2019-03-10 02:11:06] [Installed Check] Not Enabled
[2019-03-10 02:11:06] [Build Check] Started
[2019-03-10 02:11:06] [Trakt Data] Started
[2019-03-10 02:11:06] [Trakt Data] Not Enabled
[2019-03-10 02:11:06] [Real Debrid Data] Started
[2019-03-10 02:11:06] [Real Debrid Data] Not Enabled
[2019-03-10 02:11:06] [Login Data] Started
[2019-03-10 02:11:06] [Login Data] Not Enabled
[2019-03-10 02:11:06] [Auto Clean Up] Started
[2019-03-10 02:11:06] [Auto Clean Up] Cache: On
[2019-03-10 02:11:07] [Success] cleared 1 files from C:\Users\lockdown\Desktop\Kodi\portable_data\cache\temp
[2019-03-10 02:11:07] [Auto Clean Up] Old Thumbs: On
[2019-03-10 02:11:07] 0 total thumbs cleaned up.
[2019-03-10 02:11:07] [Auto Clean Up] Packages: On
[2019-03-10 02:11:12] [ Version : '1.1.1' ] [ Mode : 'maint' ] [ Name : 'None' ] [ Url : 'None' ]
[2019-03-10 02:13:01] [ Version : '1.1.1' ] [ Mode : 'maint' ] [ Name : 'None' ] [ Url : 'None' ]
[2019-03-10 02:13:03] [ Version : '1.1.1' ] [ Mode : 'maint' ] [ Name : 'None' ] [ Url : 'None' ]
[2019-03-10 02:14:46] 2019-03-10 02:14:46.995000
[2019-03-10 02:14:48] Continuing Start Up Script
[2019-03-10 02:14:48] [Path Check] Started
[2019-03-10 02:14:48] [Path Check] Good!
[2019-03-10 02:14:48] [Auto Install Repo] Started
[2019-03-10 02:14:48] [ Version : '1.1.1' ] [ Mode : 'maint' ] [ Name : 'None' ] [ Url : 'None' ]
[2019-03-10 02:14:50] Invalid URL for Repo Zip
[2019-03-10 02:14:50] [Auto Update Wizard] Started
[2019-03-10 02:14:52] [Auto Update Wizard] No New Version vFalse
[2019-03-10 02:14:52] [Notifications] Started
[2019-03-10 02:14:52] [Notifications] Not Enabled
[2019-03-10 02:14:52] [Installed Check] Started
[2019-03-10 02:14:52] [Installed Check] Not Enabled
[2019-03-10 02:14:52] [Build Check] Started
[2019-03-10 02:14:52] [Trakt Data] Started
[2019-03-10 02:14:52] [Trakt Data] Not Enabled
[2019-03-10 02:14:52] [Real Debrid Data] Started
[2019-03-10 02:14:52] [Real Debrid Data] Not Enabled
[2019-03-10 02:14:52] [Login Data] Started
[2019-03-10 02:14:52] [Login Data] Not Enabled
[2019-03-10 02:14:52] [Auto Clean Up] Started
[2019-03-10 02:14:52] [Auto Clean Up] Cache: On
[2019-03-10 02:14:52] [Success] cleared 1 files from C:\Users\lockdown\Desktop\Kodi\portable_data\cache\temp
[2019-03-10 02:14:52] [Auto Clean Up] Old Thumbs: On
[2019-03-10 02:14:52] 0 total thumbs cleaned up.
[2019-03-10 02:14:52] [Auto Clean Up] Packages: On
[2019-03-10 02:16:50] [ Version : '1.1.1' ] [ Mode : 'maint' ] [ Name : 'None' ] [ Url : 'None' ]
[2019-03-10 02:16:59] [ Version : '1.1.1' ] [ Mode : 'None' ] [ Name : 'None' ] [ Url : 'None' ]
[2019-03-10 02:17:03] [ Version : '1.1.1' ] [ Mode : 'builds' ] [ Name : 'None' ] [ Url : 'None' ]
[2019-03-10 02:17:43] [ Version : '1.1.1' ] [ Mode : 'maint' ] [ Name : 'None' ] [ Url : 'None' ]
[2019-03-10 02:17:45] [ Version : '1.1.1' ] [ Mode : 'maint' ] [ Name : 'None' ] [ Url : 'None' ]
[2019-03-10 02:18:06] [ Version : '1.1.1' ] [ Mode : 'maint' ] [ Name : 'None' ] [ Url : 'None' ]
[2019-03-10 02:18:09] [ Version : '1.1.1' ] [ Mode : 'maint' ] [ Name : 'None' ] [ Url : 'None' ]
[2019-03-10 02:23:21] 2019-03-10 02:23:21.213000
[2019-03-10 02:23:22] Continuing Start Up Script
[2019-03-10 02:23:22] [Path Check] Started
[2019-03-10 02:23:22] [Path Check] Good!
[2019-03-10 02:23:22] [Auto Install Repo] Started
[2019-03-10 02:23:23] [ Version : '1.1.1' ] [ Mode : 'maint' ] [ Name : 'None' ] [ Url : 'None' ]
[2019-03-10 02:23:23] Invalid URL for Repo Zip
[2019-03-10 02:23:23] [Auto Update Wizard] Started
[2019-03-10 02:23:25] [Auto Update Wizard] No New Version vFalse
[2019-03-10 02:23:25] [Notifications] Started
[2019-03-10 02:23:25] [Notifications] Not Enabled
[2019-03-10 02:23:25] [Installed Check] Started
[2019-03-10 02:23:25] [Installed Check] Not Enabled
[2019-03-10 02:23:25] [Build Check] Started
[2019-03-10 02:23:25] [Trakt Data] Started
[2019-03-10 02:23:25] [Trakt Data] Not Enabled
[2019-03-10 02:23:25] [Real Debrid Data] Started
[2019-03-10 02:23:25] [Real Debrid Data] Not Enabled
[2019-03-10 02:23:25] [Login Data] Started
[2019-03-10 02:23:25] [Login Data] Not Enabled
[2019-03-10 02:23:25] [Auto Clean Up] Started
[2019-03-10 02:23:25] [Auto Clean Up] Cache: On
[2019-03-10 02:23:26] [Success] wiped C:\Users\lockdown\Desktop\Kodi\portable_data\userdata\addon_data\script.module.resolveurl\cache 
[2019-03-10 02:23:26] [Success] cleared 1 files from C:\Users\lockdown\Desktop\Kodi\portable_data\cache\scrapers
[2019-03-10 02:23:26] [Success] cleared 1 files from C:\Users\lockdown\Desktop\Kodi\portable_data\cache\temp
[2019-03-10 02:23:26] [Auto Clean Up] Old Thumbs: On
[2019-03-10 02:23:27] 0 total thumbs cleaned up.
[2019-03-10 02:23:27] [Auto Clean Up] Packages: On
[2019-03-10 02:23:30] [ Version : '1.1.1' ] [ Mode : 'maint' ] [ Name : 'None' ] [ Url : 'None' ]
[2019-03-10 02:23:50] [ Version : '1.1.1' ] [ Mode : 'maint' ] [ Name : 'None' ] [ Url : 'None' ]
[2019-03-10 02:23:52] [ Version : '1.1.1' ] [ Mode : 'maint' ] [ Name : 'None' ] [ Url : 'None' ]
[2019-03-10 02:26:59] 2019-03-10 02:26:59.742000
[2019-03-10 02:27:00] Continuing Start Up Script
[2019-03-10 02:27:00] [Path Check] Started
[2019-03-10 02:27:00] [Path Check] Good!
[2019-03-10 02:27:00] [Auto Install Repo] Started
[2019-03-10 02:27:01] [ Version : '1.1.1' ] [ Mode : 'maint' ] [ Name : 'None' ] [ Url : 'None' ]
[2019-03-10 02:27:02] Invalid URL for Repo Zip
[2019-03-10 02:27:02] [Auto Update Wizard] Started
[2019-03-10 02:27:05] [Auto Update Wizard] No New Version vFalse
[2019-03-10 02:27:05] [Notifications] Started
[2019-03-10 02:27:05] [Notifications] Not Enabled
[2019-03-10 02:27:05] [Installed Check] Started
[2019-03-10 02:27:05] [Installed Check] Not Enabled
[2019-03-10 02:27:05] [Build Check] Started
[2019-03-10 02:27:05] [Trakt Data] Started
[2019-03-10 02:27:05] [Trakt Data] Not Enabled
[2019-03-10 02:27:05] [Real Debrid Data] Started
[2019-03-10 02:27:05] [Real Debrid Data] Not Enabled
[2019-03-10 02:27:05] [Login Data] Started
[2019-03-10 02:27:05] [Login Data] Not Enabled
[2019-03-10 02:27:05] [Auto Clean Up] Started
[2019-03-10 02:27:05] [Auto Clean Up] Cache: On
[2019-03-10 02:27:06] [Success] cleared 1 files from C:\Users\lockdown\Desktop\Kodi\portable_data\cache\scrapers
[2019-03-10 02:27:06] [Success] cleared 1 files from C:\Users\lockdown\Desktop\Kodi\portable_data\cache\temp
[2019-03-10 02:27:06] [Auto Clean Up] Old Thumbs: On
[2019-03-10 02:27:06] 0 total thumbs cleaned up.
[2019-03-10 02:27:06] [Auto Clean Up] Packages: On
[2019-03-10 02:27:08] [ Version : '1.1.1' ] [ Mode : 'maint' ] [ Name : 'None' ] [ Url : 'None' ]
[2019-03-10 02:36:15] 2019-03-10 02:36:15.971000
[2019-03-10 02:36:17] Continuing Start Up Script
[2019-03-10 02:36:17] [Path Check] Started
[2019-03-10 02:36:17] [Path Check] Good!
[2019-03-10 02:36:17] [Auto Install Repo] Started
[2019-03-10 02:36:18] [ Version : '1.1.1' ] [ Mode : 'maint' ] [ Name : 'None' ] [ Url : 'None' ]
[2019-03-10 02:36:18] Invalid URL for Repo Zip
[2019-03-10 02:36:18] [Auto Update Wizard] Started
[2019-03-10 02:36:20] [Auto Update Wizard] No New Version vFalse
[2019-03-10 02:36:20] [Notifications] Started
[2019-03-10 02:36:20] [Notifications] Not Enabled
[2019-03-10 02:36:20] [Installed Check] Started
[2019-03-10 02:36:20] [Installed Check] Not Enabled
[2019-03-10 02:36:20] [Build Check] Started
[2019-03-10 02:36:20] [Trakt Data] Started
[2019-03-10 02:36:20] [Trakt Data] Not Enabled
[2019-03-10 02:36:20] [Real Debrid Data] Started
[2019-03-10 02:36:20] [Real Debrid Data] Not Enabled
[2019-03-10 02:36:20] [Login Data] Started
[2019-03-10 02:36:20] [Login Data] Not Enabled
[2019-03-10 02:36:20] [Auto Clean Up] Started
[2019-03-10 02:36:20] [Auto Clean Up] Cache: On
[2019-03-10 02:36:21] [Success] cleared 1 files from C:\Users\lockdown\Desktop\Kodi\portable_data\cache\scrapers
[2019-03-10 02:36:21] [Success] cleared 1 files from C:\Users\lockdown\Desktop\Kodi\portable_data\cache\temp
[2019-03-10 02:36:21] [Auto Clean Up] Old Thumbs: On
[2019-03-10 02:36:21] 0 total thumbs cleaned up.
[2019-03-10 02:36:21] [Auto Clean Up] Packages: On
[2019-03-10 02:36:26] [ Version : '1.1.1' ] [ Mode : 'maint' ] [ Name : 'None' ] [ Url : 'None' ]
[2019-03-10 02:36:35] [ Version : '1.1.1' ] [ Mode : 'maint' ] [ Name : 'None' ] [ Url : 'None' ]
[2019-03-10 02:36:36] [ Version : '1.1.1' ] [ Mode : 'maint' ] [ Name : 'None' ] [ Url : 'None' ]
[2019-03-10 02:38:18] [ Version : '1.1.1' ] [ Mode : 'maint' ] [ Name : 'None' ] [ Url : 'None' ]
[2019-03-10 21:56:38] 2019-03-10 21:56:38.290000
[2019-03-10 21:56:39] Continuing Start Up Script
[2019-03-10 21:56:39] [Path Check] Started
[2019-03-10 21:56:39] [Path Check] Good!
[2019-03-10 21:56:39] [Auto Install Repo] Started
[2019-03-10 21:56:41] [ Version : '1.1.1' ] [ Mode : 'maint' ] [ Name : 'None' ] [ Url : 'None' ]
[2019-03-10 21:56:41] Invalid URL for Repo Zip
[2019-03-10 21:56:41] [Auto Update Wizard] Started
[2019-03-10 21:56:43] [Auto Update Wizard] No New Version vFalse
[2019-03-10 21:56:43] [Notifications] Started
[2019-03-10 21:56:44] [Notifications] Not Enabled
[2019-03-10 21:56:44] [Installed Check] Started
[2019-03-10 21:56:44] [Installed Check] Not Enabled
[2019-03-10 21:56:44] [Build Check] Started
[2019-03-10 21:56:44] [Trakt Data] Started
[2019-03-10 21:56:44] [Trakt Data] Not Enabled
[2019-03-10 21:56:44] [Real Debrid Data] Started
[2019-03-10 21:56:44] [Real Debrid Data] Not Enabled
[2019-03-10 21:56:44] [Login Data] Started
[2019-03-10 21:56:44] [Login Data] Not Enabled
[2019-03-10 21:56:44] [Auto Clean Up] Started
[2019-03-10 21:56:44] [Auto Clean Up] Cache: On
[2019-03-10 21:56:44] [Success] wiped C:\Users\lockdown\Desktop\Kodi\portable_data\userdata\addon_data\script.module.resolveurl\cache 
[2019-03-10 21:56:44] [Success] cleared 1 files from C:\Users\lockdown\Desktop\Kodi\portable_data\cache\scrapers
[2019-03-10 21:56:44] [Success] cleared 1 files from C:\Users\lockdown\Desktop\Kodi\portable_data\cache\temp
[2019-03-10 21:56:44] [Auto Clean Up] Old Thumbs: On
[2019-03-10 21:56:45] 0 total thumbs cleaned up.
[2019-03-10 21:56:45] [Auto Clean Up] Packages: On
[2019-03-10 23:10:34] 2019-03-10 23:10:34.237000
[2019-03-10 23:10:35] Continuing Start Up Script
[2019-03-10 23:10:35] [Path Check] Started
[2019-03-10 23:10:35] [Path Check] Good!
[2019-03-10 23:10:35] [Auto Install Repo] Started
[2019-03-10 23:10:36] [ Version : '1.1.1' ] [ Mode : 'maint' ] [ Name : 'None' ] [ Url : 'None' ]
[2019-03-10 23:10:36] Invalid URL for Repo Zip
[2019-03-10 23:10:36] [Auto Update Wizard] Started
[2019-03-10 23:10:38] [Auto Update Wizard] No New Version vFalse
[2019-03-10 23:10:38] [Notifications] Started
[2019-03-10 23:10:38] [Notifications] Not Enabled
[2019-03-10 23:10:38] [Installed Check] Started
[2019-03-10 23:10:38] [Installed Check] Not Enabled
[2019-03-10 23:10:38] [Build Check] Started
[2019-03-10 23:10:38] [Trakt Data] Started
[2019-03-10 23:10:38] [Trakt Data] Not Enabled
[2019-03-10 23:10:38] [Real Debrid Data] Started
[2019-03-10 23:10:38] [Real Debrid Data] Not Enabled
[2019-03-10 23:10:38] [Login Data] Started
[2019-03-10 23:10:38] [Login Data] Not Enabled
[2019-03-10 23:10:38] [Auto Clean Up] Started
[2019-03-10 23:10:38] [Auto Clean Up] Cache: On
[2019-03-10 23:10:39] [Success] cleared 1 files from C:\Users\lockdown\Desktop\Kodi\portable_data\cache\temp
[2019-03-10 23:10:39] [Auto Clean Up] Old Thumbs: On
[2019-03-10 23:10:39] [ Version : '1.1.1' ] [ Mode : 'maint' ] [ Name : 'None' ] [ Url : 'None' ]
[2019-03-10 23:10:39] 0 total thumbs cleaned up.
[2019-03-10 23:10:39] [Auto Clean Up] Packages: On
[2019-03-10 23:10:47] [ Version : '1.1.1' ] [ Mode : 'maint' ] [ Name : 'None' ] [ Url : 'None' ]
[2019-03-10 23:11:26] [ Version : '1.1.1' ] [ Mode : 'maint' ] [ Name : 'None' ] [ Url : 'None' ]
[2019-03-10 23:13:11] [ Version : '1.1.1' ] [ Mode : 'maint' ] [ Name : 'None' ] [ Url : 'None' ]
[2019-03-10 23:13:19] [ Version : '1.1.1' ] [ Mode : 'maint' ] [ Name : 'None' ] [ Url : 'None' ]
[2019-03-10 23:13:56] [ Version : '1.1.1' ] [ Mode : 'maint' ] [ Name : 'None' ] [ Url : 'None' ]
[2019-03-10 23:14:33] [ Version : '1.1.1' ] [ Mode : 'maint' ] [ Name : 'None' ] [ Url : 'None' ]
[2019-03-10 23:14:38] [ Version : '1.1.1' ] [ Mode : 'maint' ] [ Name : 'None' ] [ Url : 'None' ]
